[25-Nov-2024 14:41:37 +0000]: <faf20cd9> [C44E] Connecting to dovecot:143...
[25-Nov-2024 14:41:37 +0000]: <faf20cd9> [C44E] S: * OK [CAPABILITY IMAP4rev1 SASL-IR LOGIN-REFERRALS ID ENABLE IDLE LITERAL+ STARTTLS LOGINDISABLED] Dovecot (Ubuntu) ready.
[25-Nov-2024 14:41:37 +0000]: <faf20cd9> [C44E] C: A0001 AUTHENTICATE LOGIN
[25-Nov-2024 14:41:37 +0000]: <faf20cd9> [C44E] S: A0001 NO [PRIVACYREQUIRED] Plaintext authentication disabled.
[25-Nov-2024 14:53:40 +0000]: <faf20cd9> [3C9A] Connecting to dovecot:143...
[25-Nov-2024 14:53:40 +0000]: <faf20cd9> [3C9A] S: * OK [CAPABILITY IMAP4rev1 SASL-IR LOGIN-REFERRALS ID ENABLE IDLE LITERAL+ STARTTLS LOGINDISABLED] Dovecot (Ubuntu) ready.
[25-Nov-2024 14:53:40 +0000]: <faf20cd9> [3C9A] C: A0001 AUTHENTICATE LOGIN
[25-Nov-2024 14:53:40 +0000]: <faf20cd9> [3C9A] S: A0001 NO [PRIVACYREQUIRED] Plaintext authentication disabled.
[25-Nov-2024 14:53:53 +0000]: <faf20cd9> [E698] Connecting to dovecot:143...
[25-Nov-2024 14:53:53 +0000]: <faf20cd9> [E698] S: * OK [CAPABILITY IMAP4rev1 SASL-IR LOGIN-REFERRALS ID ENABLE IDLE LITERAL+ STARTTLS LOGINDISABLED] Dovecot (Ubuntu) ready.
[25-Nov-2024 14:53:53 +0000]: <faf20cd9> [E698] C: A0001 AUTHENTICATE LOGIN
[25-Nov-2024 14:53:53 +0000]: <faf20cd9> [E698] S: A0001 NO [PRIVACYREQUIRED] Plaintext authentication disabled.
[25-Nov-2024 14:54:15 +0000]: <faf20cd9> [C888] Connecting to dovecot:143...
[25-Nov-2024 14:54:15 +0000]: <faf20cd9> [C888] S: * OK [CAPABILITY IMAP4rev1 SASL-IR LOGIN-REFERRALS ID ENABLE IDLE LITERAL+ STARTTLS LOGINDISABLED] Dovecot (Ubuntu) ready.
[25-Nov-2024 14:54:15 +0000]: <faf20cd9> [C888] C: A0001 AUTHENTICATE LOGIN
[25-Nov-2024 14:54:15 +0000]: <faf20cd9> [C888] S: A0001 NO [PRIVACYREQUIRED] Plaintext authentication disabled.
[25-Nov-2024 14:54:20 +0000]: <faf20cd9> [681B] Connecting to dovecot:143...
[25-Nov-2024 14:54:20 +0000]: <faf20cd9> [681B] S: * OK [CAPABILITY IMAP4rev1 SASL-IR LOGIN-REFERRALS ID ENABLE IDLE LITERAL+ STARTTLS LOGINDISABLED] Dovecot (Ubuntu) ready.
[25-Nov-2024 14:54:20 +0000]: <faf20cd9> [681B] C: A0001 AUTHENTICATE LOGIN
[25-Nov-2024 14:54:20 +0000]: <faf20cd9> [681B] S: A0001 NO [PRIVACYREQUIRED] Plaintext authentication disabled.
[25-Nov-2024 14:54:36 +0000]: <faf20cd9> [335D] Connecting to dovecot:143...
[25-Nov-2024 14:54:36 +0000]: <faf20cd9> [335D] S: * OK [CAPABILITY IMAP4rev1 SASL-IR LOGIN-REFERRALS ID ENABLE IDLE LITERAL+ STARTTLS LOGINDISABLED] Dovecot (Ubuntu) ready.
[25-Nov-2024 14:54:36 +0000]: <faf20cd9> [335D] C: A0001 AUTHENTICATE LOGIN
[25-Nov-2024 14:54:36 +0000]: <faf20cd9> [335D] S: A0001 NO [PRIVACYREQUIRED] Plaintext authentication disabled.
[25-Nov-2024 14:54:39 +0000]: <faf20cd9> [FF10] Connecting to dovecot:143...
[25-Nov-2024 14:54:39 +0000]: <faf20cd9> [FF10] S: * OK [CAPABILITY IMAP4rev1 SASL-IR LOGIN-REFERRALS ID ENABLE IDLE LITERAL+ STARTTLS LOGINDISABLED] Dovecot (Ubuntu) ready.
[25-Nov-2024 14:54:39 +0000]: <faf20cd9> [FF10] C: A0001 AUTHENTICATE LOGIN
[25-Nov-2024 14:54:39 +0000]: <faf20cd9> [FF10] S: A0001 NO [PRIVACYREQUIRED] Plaintext authentication disabled.
[25-Nov-2024 14:55:04 +0000]: <faf20cd9> [3A68] Connecting to dovecot:143...
[25-Nov-2024 14:55:04 +0000]: <faf20cd9> [3A68] S: * OK [CAPABILITY IMAP4rev1 SASL-IR LOGIN-REFERRALS ID ENABLE IDLE LITERAL+ STARTTLS LOGINDISABLED] Dovecot (Ubuntu) ready.
[25-Nov-2024 14:55:04 +0000]: <faf20cd9> [3A68] C: A0001 AUTHENTICATE LOGIN
[25-Nov-2024 14:55:04 +0000]: <faf20cd9> [3A68] S: A0001 NO [PRIVACYREQUIRED] Plaintext authentication disabled.
[25-Nov-2024 14:55:55 +0000]: <faf20cd9> [03D6] Connecting to dovecot:143...
[25-Nov-2024 14:55:55 +0000]: <faf20cd9> [03D6] S: * OK [CAPABILITY IMAP4rev1 SASL-IR LOGIN-REFERRALS ID ENABLE IDLE LITERAL+ STARTTLS LOGINDISABLED] Dovecot (Ubuntu) ready.
[25-Nov-2024 14:55:55 +0000]: <faf20cd9> [03D6] C: A0001 AUTHENTICATE LOGIN
[25-Nov-2024 14:55:55 +0000]: <faf20cd9> [03D6] S: A0001 NO [PRIVACYREQUIRED] Plaintext authentication disabled.
[25-Nov-2024 14:57:41 +0000]: <faf20cd9> [9C9B] Connecting to dovecot:143...
[25-Nov-2024 14:57:41 +0000]: <faf20cd9> [9C9B] S: * OK [CAPABILITY IMAP4rev1 SASL-IR LOGIN-REFERRALS ID ENABLE IDLE LITERAL+ AUTH=PLAIN AUTH=LOGIN] Dovecot (Ubuntu) ready.
[25-Nov-2024 14:57:41 +0000]: <faf20cd9> [9C9B] C: A0001 AUTHENTICATE PLAIN ****** [33]
[25-Nov-2024 14:57:43 +0000]: <faf20cd9> [9C9B] S: A0001 NO [AUTHENTICATIONFAILED] Authentication failed.
[25-Nov-2024 14:57:51 +0000]: <faf20cd9> [2AE8] Connecting to dovecot:143...
[25-Nov-2024 14:57:51 +0000]: <faf20cd9> [2AE8] S: * OK [CAPABILITY IMAP4rev1 SASL-IR LOGIN-REFERRALS ID ENABLE IDLE LITERAL+ AUTH=PLAIN AUTH=LOGIN] Dovecot (Ubuntu) ready.
[25-Nov-2024 14:57:51 +0000]: <faf20cd9> [2AE8] C: A0001 AUTHENTICATE PLAIN ****** [17]
[25-Nov-2024 14:57:55 +0000]: <faf20cd9> [2AE8] S: A0001 OK [CAPABILITY IMAP4rev1 SASL-IR LOGIN-REFERRALS ID ENABLE IDLE SORT SORT=DISPLAY THREAD=REFERENCES THREAD=REFS THREAD=ORDEREDSUBJECT MULTIAPPEND URL-PARTIAL CATENATE UNSELECT CHILDREN NAMESPACE UIDPLUS LIST-EXTENDED I18NLEVEL=1 CONDSTORE QRESYNC ESEARCH ESORT SEARCHRES WITHIN CONTEXT=SEARCH LIST-STATUS BINARY MOVE SNIPPET=FUZZY PREVIEW=FUZZY PREVIEW STATUS=SIZE SAVEDATE LITERAL+ NOTIFY] Logged in
[25-Nov-2024 14:57:55 +0000]: <faf20cd9> [2AE8] C: A0002 ID ("name" "Roundcube" "version" "1.6.4" "php" "8.1.31" "os" "Linux" "command" "/?_task=login")
[25-Nov-2024 14:57:55 +0000]: <faf20cd9> [2AE8] S: * ID ("name" "Dovecot")
[25-Nov-2024 14:57:55 +0000]: <faf20cd9> [2AE8] S: A0002 OK ID completed (0.001 + 0.000 secs).
[25-Nov-2024 14:57:55 +0000]: <faf20cd9> [2AE8] C: A0003 NAMESPACE
[25-Nov-2024 14:57:55 +0000]: <faf20cd9> [2AE8] S: * NAMESPACE (("" ".")) NIL NIL
[25-Nov-2024 14:57:55 +0000]: <faf20cd9> [2AE8] S: A0003 OK Namespace completed (0.001 + 0.000 secs).
[25-Nov-2024 14:57:55 +0000]: <83b38550> [2AE8] C: A0004 LOGOUT
[25-Nov-2024 14:57:55 +0000]: <83b38550> [2AE8] S: * BYE Logging out
[25-Nov-2024 14:57:55 +0000]: <83b38550> [2AE8] S: A0004 OK Logout completed (0.001 + 0.000 secs).
[25-Nov-2024 14:57:55 +0000]: <83b38550> [EFFD] Connecting to dovecot:143...
[25-Nov-2024 14:57:55 +0000]: <83b38550> [EFFD] S: * OK [CAPABILITY IMAP4rev1 SASL-IR LOGIN-REFERRALS ID ENABLE IDLE LITERAL+ AUTH=PLAIN AUTH=LOGIN] Dovecot (Ubuntu) ready.
[25-Nov-2024 14:57:55 +0000]: <83b38550> [EFFD] C: A0001 AUTHENTICATE PLAIN ****** [17]
[25-Nov-2024 14:57:55 +0000]: <83b38550> [EFFD] S: A0001 OK [CAPABILITY IMAP4rev1 SASL-IR LOGIN-REFERRALS ID ENABLE IDLE SORT SORT=DISPLAY THREAD=REFERENCES THREAD=REFS THREAD=ORDEREDSUBJECT MULTIAPPEND URL-PARTIAL CATENATE UNSELECT CHILDREN NAMESPACE UIDPLUS LIST-EXTENDED I18NLEVEL=1 CONDSTORE QRESYNC ESEARCH ESORT SEARCHRES WITHIN CONTEXT=SEARCH LIST-STATUS BINARY MOVE SNIPPET=FUZZY PREVIEW=FUZZY PREVIEW STATUS=SIZE SAVEDATE LITERAL+ NOTIFY] Logged in
[25-Nov-2024 14:57:55 +0000]: <83b38550> [EFFD] C: A0002 ID ("name" "Roundcube" "version" "1.6.4" "php" "8.1.31" "os" "Linux" "command" "/?_task=mail&_token=LmZagoAu2YTMdkv88AzNb7gaJbUV7yKt")
[25-Nov-2024 14:57:55 +0000]: <83b38550> [EFFD] S: * ID ("name" "Dovecot")
[25-Nov-2024 14:57:55 +0000]: <83b38550> [EFFD] S: A0002 OK ID completed (0.001 + 0.000 secs).
[25-Nov-2024 14:57:55 +0000]: <83b38550> [EFFD] C: A0003 LIST (SUBSCRIBED) "" "*"
[25-Nov-2024 14:57:55 +0000]: <83b38550> [EFFD] S: A0003 OK List completed (0.001 + 0.000 secs).
[25-Nov-2024 14:57:55 +0000]: <83b38550> [EFFD] C: A0004 LOGOUT
[25-Nov-2024 14:57:55 +0000]: <83b38550> [EFFD] S: * BYE Logging out
[25-Nov-2024 14:57:55 +0000]: <83b38550> [EFFD] S: A0004 OK Logout completed (0.001 + 0.000 secs).
[25-Nov-2024 14:57:56 +0000]: <83b38550> [77B1] Connecting to dovecot:143...
[25-Nov-2024 14:57:56 +0000]: <83b38550> [B887] Connecting to dovecot:143...
[25-Nov-2024 14:57:56 +0000]: <83b38550> [77B1] S: * OK [CAPABILITY IMAP4rev1 SASL-IR LOGIN-REFERRALS ID ENABLE IDLE LITERAL+ AUTH=PLAIN AUTH=LOGIN] Dovecot (Ubuntu) ready.
[25-Nov-2024 14:57:56 +0000]: <83b38550> [77B1] C: A0001 AUTHENTICATE PLAIN ****** [17]
[25-Nov-2024 14:57:56 +0000]: <83b38550> [B887] S: * OK [CAPABILITY IMAP4rev1 SASL-IR LOGIN-REFERRALS ID ENABLE IDLE LITERAL+ AUTH=PLAIN AUTH=LOGIN] Dovecot (Ubuntu) ready.
[25-Nov-2024 14:57:56 +0000]: <83b38550> [77B1] S: A0001 OK [CAPABILITY IMAP4rev1 SASL-IR LOGIN-REFERRALS ID ENABLE IDLE SORT SORT=DISPLAY THREAD=REFERENCES THREAD=REFS THREAD=ORDEREDSUBJECT MULTIAPPEND URL-PARTIAL CATENATE UNSELECT CHILDREN NAMESPACE UIDPLUS LIST-EXTENDED I18NLEVEL=1 CONDSTORE QRESYNC ESEARCH ESORT SEARCHRES WITHIN CONTEXT=SEARCH LIST-STATUS BINARY MOVE SNIPPET=FUZZY PREVIEW=FUZZY PREVIEW STATUS=SIZE SAVEDATE LITERAL+ NOTIFY] Logged in
[25-Nov-2024 14:57:56 +0000]: <83b38550> [B887] C: A0001 AUTHENTICATE PLAIN ****** [17]
[25-Nov-2024 14:57:56 +0000]: <83b38550> [77B1] C: A0002 ID ("name" "Roundcube" "version" "1.6.4" "php" "8.1.31" "os" "Linux" "command" "/?_task=mail&_action=list&_refresh=1&_layout=widescreen&_mbox=INBOX&_page=&_remote=1&_unlock=loading1732546677267&_=1732546677202")
[25-Nov-2024 14:57:56 +0000]: <83b38550> [77B1] S: * ID ("name" "Dovecot")
[25-Nov-2024 14:57:56 +0000]: <83b38550> [B887] S: A0001 OK [CAPABILITY IMAP4rev1 SASL-IR LOGIN-REFERRALS ID ENABLE IDLE SORT SORT=DISPLAY THREAD=REFERENCES THREAD=REFS THREAD=ORDEREDSUBJECT MULTIAPPEND URL-PARTIAL CATENATE UNSELECT CHILDREN NAMESPACE UIDPLUS LIST-EXTENDED I18NLEVEL=1 CONDSTORE QRESYNC ESEARCH ESORT SEARCHRES WITHIN CONTEXT=SEARCH LIST-STATUS BINARY MOVE SNIPPET=FUZZY PREVIEW=FUZZY PREVIEW STATUS=SIZE SAVEDATE LITERAL+ NOTIFY] Logged in
[25-Nov-2024 14:57:56 +0000]: <83b38550> [77B1] S: A0002 OK ID completed (0.001 + 0.000 secs).
[25-Nov-2024 14:57:56 +0000]: <83b38550> [B887] C: A0002 ID ("name" "Roundcube" "version" "1.6.4" "php" "8.1.31" "os" "Linux" "command" "/?_task=mail&_action=getunread&_page=1&_remote=1&_unlock=0&_=1732546677203")
[25-Nov-2024 14:57:56 +0000]: <83b38550> [B887] S: * ID ("name" "Dovecot")
[25-Nov-2024 14:57:56 +0000]: <83b38550> [B887] S: A0002 OK ID completed (0.001 + 0.000 secs).
[25-Nov-2024 14:57:56 +0000]: <83b38550> [77B1] C: A0003 STATUS INBOX (MESSAGES UNSEEN)
[25-Nov-2024 14:57:56 +0000]: <83b38550> [B887] C: A0003 LIST (SUBSCRIBED) "" "*"
[25-Nov-2024 14:57:56 +0000]: <83b38550> [B887] S: A0003 OK List completed (0.001 + 0.000 secs).
[25-Nov-2024 14:57:56 +0000]: <83b38550> [77B1] S: * STATUS INBOX (MESSAGES 0 UNSEEN 0)
[25-Nov-2024 14:57:56 +0000]: <83b38550> [B887] C: A0004 STATUS INBOX (MESSAGES UNSEEN)
[25-Nov-2024 14:57:56 +0000]: <83b38550> [77B1] S: A0003 OK Status completed (0.008 + 0.000 + 0.007 secs).
[25-Nov-2024 14:57:56 +0000]: <83b38550> [B887] S: * STATUS INBOX (MESSAGES 0 UNSEEN 0)
[25-Nov-2024 14:57:56 +0000]: <83b38550> [B887] S: A0004 OK Status completed (0.001 + 0.000 secs).
[25-Nov-2024 14:57:56 +0000]: <83b38550> [77B1] C: A0004 LOGOUT
[25-Nov-2024 14:57:56 +0000]: <83b38550> [77B1] S: * BYE Logging out
[25-Nov-2024 14:57:56 +0000]: <83b38550> [B887] C: A0005 LOGOUT
[25-Nov-2024 14:57:56 +0000]: <83b38550> [77B1] S: A0004 OK Logout completed (0.001 + 0.000 secs).
[25-Nov-2024 14:57:56 +0000]: <83b38550> [B887] S: * BYE Logging out
[25-Nov-2024 14:57:56 +0000]: <83b38550> [B887] S: A0005 OK Logout completed (0.001 + 0.000 secs).
[25-Nov-2024 14:58:15 +0000]: <83b38550> [8F67] Connecting to dovecot:143...
[25-Nov-2024 14:58:15 +0000]: <83b38550> [8F67] S: * OK [CAPABILITY IMAP4rev1 SASL-IR LOGIN-REFERRALS ID ENABLE IDLE LITERAL+ AUTH=PLAIN AUTH=LOGIN] Dovecot (Ubuntu) ready.
[25-Nov-2024 14:58:15 +0000]: <83b38550> [8F67] C: A0001 AUTHENTICATE PLAIN ****** [17]
[25-Nov-2024 14:58:15 +0000]: <83b38550> [8F67] S: A0001 OK [CAPABILITY IMAP4rev1 SASL-IR LOGIN-REFERRALS ID ENABLE IDLE SORT SORT=DISPLAY THREAD=REFERENCES THREAD=REFS THREAD=ORDEREDSUBJECT MULTIAPPEND URL-PARTIAL CATENATE UNSELECT CHILDREN NAMESPACE UIDPLUS LIST-EXTENDED I18NLEVEL=1 CONDSTORE QRESYNC ESEARCH ESORT SEARCHRES WITHIN CONTEXT=SEARCH LIST-STATUS BINARY MOVE SNIPPET=FUZZY PREVIEW=FUZZY PREVIEW STATUS=SIZE SAVEDATE LITERAL+ NOTIFY] Logged in
[25-Nov-2024 14:58:15 +0000]: <83b38550> [8F67] C: A0002 ID ("name" "Roundcube" "version" "1.6.4" "php" "8.1.31" "os" "Linux" "command" "/?_task=mail&_action=search&_interval=&_layout=widescreen&_filter=UNSEEN&_scope=base&_mbox=INBOX&_remote=1&_unlock=loading1732546697207&_=1732546677204")
[25-Nov-2024 14:58:15 +0000]: <83b38550> [8F67] S: * ID ("name" "Dovecot")
[25-Nov-2024 14:58:15 +0000]: <83b38550> [8F67] S: A0002 OK ID completed (0.001 + 0.000 secs).
[25-Nov-2024 14:58:15 +0000]: <83b38550> [8F67] C: A0003 SELECT INBOX
[25-Nov-2024 14:58:15 +0000]: <83b38550> [8F67] S: * FLAGS (\Answered \Flagged \Deleted \Seen \Draft)
[25-Nov-2024 14:58:15 +0000]: <83b38550> [8F67] S: * OK [PERMANENTFLAGS (\Answered \Flagged \Deleted \Seen \Draft \*)] Flags permitted.
[25-Nov-2024 14:58:15 +0000]: <83b38550> [8F67] S: * 0 EXISTS
[25-Nov-2024 14:58:15 +0000]: <83b38550> [8F67] S: * 0 RECENT
[25-Nov-2024 14:58:15 +0000]: <83b38550> [8F67] S: * OK [UIDVALIDITY 1732546676] UIDs valid
[25-Nov-2024 14:58:15 +0000]: <83b38550> [8F67] S: * OK [UIDNEXT 1] Predicted next UID
[25-Nov-2024 14:58:15 +0000]: <83b38550> [8F67] S: A0003 OK [READ-WRITE] Select completed (0.005 + 0.000 + 0.004 secs).
[25-Nov-2024 14:58:15 +0000]: <83b38550> [8F67] C: A0004 LOGOUT
[25-Nov-2024 14:58:15 +0000]: <83b38550> [8F67] S: * BYE Logging out
[25-Nov-2024 14:58:15 +0000]: <83b38550> [8F67] S: A0004 OK Logout completed (0.001 + 0.000 secs).
[25-Nov-2024 14:58:17 +0000]: <83b38550> [154B] Connecting to dovecot:143...
[25-Nov-2024 14:58:17 +0000]: <83b38550> [154B] S: * OK [CAPABILITY IMAP4rev1 SASL-IR LOGIN-REFERRALS ID ENABLE IDLE LITERAL+ AUTH=PLAIN AUTH=LOGIN] Dovecot (Ubuntu) ready.
[25-Nov-2024 14:58:17 +0000]: <83b38550> [154B] C: A0001 AUTHENTICATE PLAIN ****** [17]
[25-Nov-2024 14:58:17 +0000]: <83b38550> [154B] S: A0001 OK [CAPABILITY IMAP4rev1 SASL-IR LOGIN-REFERRALS ID ENABLE IDLE SORT SORT=DISPLAY THREAD=REFERENCES THREAD=REFS THREAD=ORDEREDSUBJECT MULTIAPPEND URL-PARTIAL CATENATE UNSELECT CHILDREN NAMESPACE UIDPLUS LIST-EXTENDED I18NLEVEL=1 CONDSTORE QRESYNC ESEARCH ESORT SEARCHRES WITHIN CONTEXT=SEARCH LIST-STATUS BINARY MOVE SNIPPET=FUZZY PREVIEW=FUZZY PREVIEW STATUS=SIZE SAVEDATE LITERAL+ NOTIFY] Logged in
[25-Nov-2024 14:58:17 +0000]: <83b38550> [154B] C: A0002 ID ("name" "Roundcube" "version" "1.6.4" "php" "8.1.31" "os" "Linux" "command" "/?_task=mail&_action=list&_layout=widescreen&_mbox=INBOX&_page=1&_remote=1&_unlock=loading1732546698949&_=1732546677205")
[25-Nov-2024 14:58:17 +0000]: <83b38550> [154B] S: * ID ("name" "Dovecot")
[25-Nov-2024 14:58:17 +0000]: <83b38550> [154B] S: A0002 OK ID completed (0.001 + 0.000 secs).
[25-Nov-2024 14:58:17 +0000]: <83b38550> [154B] C: A0003 STATUS INBOX (MESSAGES UNSEEN)
[25-Nov-2024 14:58:17 +0000]: <83b38550> [154B] S: * STATUS INBOX (MESSAGES 0 UNSEEN 0)
[25-Nov-2024 14:58:17 +0000]: <83b38550> [154B] S: A0003 OK Status completed (0.001 + 0.000 secs).
[25-Nov-2024 14:58:17 +0000]: <83b38550> [154B] C: A0004 LOGOUT
[25-Nov-2024 14:58:17 +0000]: <83b38550> [154B] S: * BYE Logging out
[25-Nov-2024 14:58:17 +0000]: <83b38550> [154B] S: A0004 OK Logout completed (0.001 + 0.000 secs).
[25-Nov-2024 14:58:19 +0000]: <83b38550> [3E6E] Connecting to dovecot:143...
[25-Nov-2024 14:58:19 +0000]: <83b38550> [3E6E] S: * OK [CAPABILITY IMAP4rev1 SASL-IR LOGIN-REFERRALS ID ENABLE IDLE LITERAL+ AUTH=PLAIN AUTH=LOGIN] Dovecot (Ubuntu) ready.
[25-Nov-2024 14:58:19 +0000]: <83b38550> [3E6E] C: A0001 AUTHENTICATE PLAIN ****** [17]
[25-Nov-2024 14:58:19 +0000]: <83b38550> [3E6E] S: A0001 OK [CAPABILITY IMAP4rev1 SASL-IR LOGIN-REFERRALS ID ENABLE IDLE SORT SORT=DISPLAY THREAD=REFERENCES THREAD=REFS THREAD=ORDEREDSUBJECT MULTIAPPEND URL-PARTIAL CATENATE UNSELECT CHILDREN NAMESPACE UIDPLUS LIST-EXTENDED I18NLEVEL=1 CONDSTORE QRESYNC ESEARCH ESORT SEARCHRES WITHIN CONTEXT=SEARCH LIST-STATUS BINARY MOVE SNIPPET=FUZZY PREVIEW=FUZZY PREVIEW STATUS=SIZE SAVEDATE LITERAL+ NOTIFY] Logged in
[25-Nov-2024 14:58:19 +0000]: <83b38550> [3E6E] C: A0002 ID ("name" "Roundcube" "version" "1.6.4" "php" "8.1.31" "os" "Linux" "command" "/?_task=mail&_mbox=INBOX&_action=compose")
[25-Nov-2024 14:58:19 +0000]: <83b38550> [3E6E] S: * ID ("name" "Dovecot")
[25-Nov-2024 14:58:19 +0000]: <83b38550> [3E6E] S: A0002 OK ID completed (0.001 + 0.000 secs).
[25-Nov-2024 14:58:19 +0000]: <83b38550> [3E6E] C: A0003 LSUB "" Sent
[25-Nov-2024 14:58:19 +0000]: <83b38550> [3E6E] S: A0003 OK Lsub completed (0.001 + 0.000 secs).
[25-Nov-2024 14:58:19 +0000]: <83b38550> [3E6E] C: A0004 LIST "" Sent
[25-Nov-2024 14:58:19 +0000]: <83b38550> [3E6E] S: A0004 OK List completed (0.001 + 0.000 secs).
[25-Nov-2024 14:58:19 +0000]: <83b38550> [3E6E] C: A0005 CREATE Sent
[25-Nov-2024 14:58:19 +0000]: <83b38550> [3E6E] S: A0005 OK Create completed (0.008 + 0.000 + 0.007 secs).
[25-Nov-2024 14:58:19 +0000]: <83b38550> [3E6E] C: A0006 SUBSCRIBE Sent
[25-Nov-2024 14:58:19 +0000]: <83b38550> [3E6E] S: A0006 OK Subscribe completed (0.003 + 0.000 + 0.003 secs).
[25-Nov-2024 14:58:19 +0000]: <83b38550> [3E6E] C: A0007 LOGOUT
[25-Nov-2024 14:58:19 +0000]: <83b38550> [3E6E] S: * BYE Logging out
[25-Nov-2024 14:58:19 +0000]: <83b38550> [3E6E] S: A0007 OK Logout completed (0.001 + 0.000 secs).
[25-Nov-2024 14:58:19 +0000]: <83b38550> [55B1] Connecting to dovecot:143...
[25-Nov-2024 14:58:19 +0000]: <83b38550> [55B1] S: * OK [CAPABILITY IMAP4rev1 SASL-IR LOGIN-REFERRALS ID ENABLE IDLE LITERAL+ AUTH=PLAIN AUTH=LOGIN] Dovecot (Ubuntu) ready.
[25-Nov-2024 14:58:19 +0000]: <83b38550> [55B1] C: A0001 AUTHENTICATE PLAIN ****** [17]
[25-Nov-2024 14:58:19 +0000]: <83b38550> [55B1] S: A0001 OK [CAPABILITY IMAP4rev1 SASL-IR LOGIN-REFERRALS ID ENABLE IDLE SORT SORT=DISPLAY THREAD=REFERENCES THREAD=REFS THREAD=ORDEREDSUBJECT MULTIAPPEND URL-PARTIAL CATENATE UNSELECT CHILDREN NAMESPACE UIDPLUS LIST-EXTENDED I18NLEVEL=1 CONDSTORE QRESYNC ESEARCH ESORT SEARCHRES WITHIN CONTEXT=SEARCH LIST-STATUS BINARY MOVE SNIPPET=FUZZY PREVIEW=FUZZY PREVIEW STATUS=SIZE SAVEDATE LITERAL+ NOTIFY] Logged in
[25-Nov-2024 14:58:19 +0000]: <83b38550> [55B1] C: A0002 ID ("name" "Roundcube" "version" "1.6.4" "php" "8.1.31" "os" "Linux" "command" "/?_task=mail&_action=compose&_id=16746789796744908b19464")
[25-Nov-2024 14:58:19 +0000]: <83b38550> [55B1] S: * ID ("name" "Dovecot")
[25-Nov-2024 14:58:19 +0000]: <83b38550> [55B1] S: A0002 OK ID completed (0.001 + 0.000 secs).
[25-Nov-2024 14:58:19 +0000]: <83b38550> [55B1] C: A0003 LIST (SUBSCRIBED) "" "*"
[25-Nov-2024 14:58:19 +0000]: <83b38550> [55B1] S: * LIST (\Subscribed) "." Sent
[25-Nov-2024 14:58:19 +0000]: <83b38550> [55B1] S: A0003 OK List completed (0.001 + 0.000 secs).
[25-Nov-2024 14:58:19 +0000]: <83b38550> [55B1] C: A0004 LOGOUT
[25-Nov-2024 14:58:19 +0000]: <83b38550> [55B1] S: * BYE Logging out
[25-Nov-2024 14:58:19 +0000]: <83b38550> [55B1] S: A0004 OK Logout completed (0.001 + 0.000 secs).
[25-Nov-2024 14:58:29 +0000]: <83b38550> [6495] Connecting to dovecot:143...
[25-Nov-2024 14:58:29 +0000]: <83b38550> [6495] S: * OK [CAPABILITY IMAP4rev1 SASL-IR LOGIN-REFERRALS ID ENABLE IDLE LITERAL+ AUTH=PLAIN AUTH=LOGIN] Dovecot (Ubuntu) ready.
[25-Nov-2024 14:58:29 +0000]: <83b38550> [6495] C: A0001 AUTHENTICATE PLAIN ****** [17]
[25-Nov-2024 14:58:29 +0000]: <83b38550> [6495] S: A0001 OK [CAPABILITY IMAP4rev1 SASL-IR LOGIN-REFERRALS ID ENABLE IDLE SORT SORT=DISPLAY THREAD=REFERENCES THREAD=REFS THREAD=ORDEREDSUBJECT MULTIAPPEND URL-PARTIAL CATENATE UNSELECT CHILDREN NAMESPACE UIDPLUS LIST-EXTENDED I18NLEVEL=1 CONDSTORE QRESYNC ESEARCH ESORT SEARCHRES WITHIN CONTEXT=SEARCH LIST-STATUS BINARY MOVE SNIPPET=FUZZY PREVIEW=FUZZY PREVIEW STATUS=SIZE SAVEDATE LITERAL+ NOTIFY] Logged in
[25-Nov-2024 14:58:29 +0000]: <83b38550> [6495] C: A0002 ID ("name" "Roundcube" "version" "1.6.4" "php" "8.1.31" "os" "Linux" "command" "/?_task=mail&_action=compose")
[25-Nov-2024 14:58:29 +0000]: <83b38550> [6495] S: * ID ("name" "Dovecot")
[25-Nov-2024 14:58:29 +0000]: <83b38550> [6495] S: A0002 OK ID completed (0.001 + 0.000 secs).
[25-Nov-2024 14:58:29 +0000]: <83b38550> [6495] C: A0003 LSUB "" Sent
[25-Nov-2024 14:58:29 +0000]: <83b38550> [6495] S: * LSUB () "." Sent
[25-Nov-2024 14:58:29 +0000]: <83b38550> [6495] S: A0003 OK Lsub completed (0.001 + 0.000 secs).
[25-Nov-2024 14:58:29 +0000]: <83b38550> [6495] C: A0004 LOGOUT
[25-Nov-2024 14:58:29 +0000]: <83b38550> [6495] S: * BYE Logging out
[25-Nov-2024 14:58:29 +0000]: <83b38550> [6495] S: A0004 OK Logout completed (0.001 + 0.000 secs).
[25-Nov-2024 14:58:29 +0000]: <83b38550> [690A] Connecting to dovecot:143...
[25-Nov-2024 14:58:29 +0000]: <83b38550> [690A] S: * OK [CAPABILITY IMAP4rev1 SASL-IR LOGIN-REFERRALS ID ENABLE IDLE LITERAL+ AUTH=PLAIN AUTH=LOGIN] Dovecot (Ubuntu) ready.
[25-Nov-2024 14:58:29 +0000]: <83b38550> [690A] C: A0001 AUTHENTICATE PLAIN ****** [17]
[25-Nov-2024 14:58:29 +0000]: <83b38550> [690A] S: A0001 OK [CAPABILITY IMAP4rev1 SASL-IR LOGIN-REFERRALS ID ENABLE IDLE SORT SORT=DISPLAY THREAD=REFERENCES THREAD=REFS THREAD=ORDEREDSUBJECT MULTIAPPEND URL-PARTIAL CATENATE UNSELECT CHILDREN NAMESPACE UIDPLUS LIST-EXTENDED I18NLEVEL=1 CONDSTORE QRESYNC ESEARCH ESORT SEARCHRES WITHIN CONTEXT=SEARCH LIST-STATUS BINARY MOVE SNIPPET=FUZZY PREVIEW=FUZZY PREVIEW STATUS=SIZE SAVEDATE LITERAL+ NOTIFY] Logged in
[25-Nov-2024 14:58:29 +0000]: <83b38550> [690A] C: A0002 ID ("name" "Roundcube" "version" "1.6.4" "php" "8.1.31" "os" "Linux" "command" "/?_task=mail&_action=compose&_id=7814457456744909569cba")
[25-Nov-2024 14:58:29 +0000]: <83b38550> [690A] S: * ID ("name" "Dovecot")
[25-Nov-2024 14:58:29 +0000]: <83b38550> [690A] S: A0002 OK ID completed (0.001 + 0.000 secs).
[25-Nov-2024 14:58:29 +0000]: <83b38550> [690A] C: A0003 LIST (SUBSCRIBED) "" "*"
[25-Nov-2024 14:58:29 +0000]: <83b38550> [690A] S: * LIST (\Subscribed) "." Sent
[25-Nov-2024 14:58:29 +0000]: <83b38550> [690A] S: A0003 OK List completed (0.001 + 0.000 secs).
[25-Nov-2024 14:58:29 +0000]: <83b38550> [690A] C: A0004 LOGOUT
[25-Nov-2024 14:58:29 +0000]: <83b38550> [690A] S: * BYE Logging out
[25-Nov-2024 14:58:29 +0000]: <83b38550> [690A] S: A0004 OK Logout completed (0.001 + 0.000 secs).
[25-Nov-2024 14:59:46 +0000]: <83b38550> [7310] Connecting to dovecot:143...
[25-Nov-2024 14:59:46 +0000]: <83b38550> [7310] S: * OK [CAPABILITY IMAP4rev1 SASL-IR LOGIN-REFERRALS ID ENABLE IDLE LITERAL+ AUTH=PLAIN AUTH=LOGIN] Dovecot (Ubuntu) ready.
[25-Nov-2024 14:59:46 +0000]: <83b38550> [7310] C: A0001 AUTHENTICATE PLAIN ****** [17]
[25-Nov-2024 14:59:46 +0000]: <83b38550> [7310] S: A0001 OK [CAPABILITY IMAP4rev1 SASL-IR LOGIN-REFERRALS ID ENABLE IDLE SORT SORT=DISPLAY THREAD=REFERENCES THREAD=REFS THREAD=ORDEREDSUBJECT MULTIAPPEND URL-PARTIAL CATENATE UNSELECT CHILDREN NAMESPACE UIDPLUS LIST-EXTENDED I18NLEVEL=1 CONDSTORE QRESYNC ESEARCH ESORT SEARCHRES WITHIN CONTEXT=SEARCH LIST-STATUS BINARY MOVE SNIPPET=FUZZY PREVIEW=FUZZY PREVIEW STATUS=SIZE SAVEDATE LITERAL+ NOTIFY] Logged in
[25-Nov-2024 14:59:46 +0000]: <83b38550> [7310] C: A0002 ID ("name" "Roundcube" "version" "1.6.4" "php" "8.1.31" "os" "Linux" "command" "/?_task=mail&_action=compose")
[25-Nov-2024 14:59:46 +0000]: <83b38550> [7310] S: * ID ("name" "Dovecot")
[25-Nov-2024 14:59:46 +0000]: <83b38550> [7310] S: A0002 OK ID completed (0.001 + 0.000 secs).
[25-Nov-2024 14:59:46 +0000]: <83b38550> [7310] C: A0003 LSUB "" Sent
[25-Nov-2024 14:59:46 +0000]: <83b38550> [7310] S: * LSUB () "." Sent
[25-Nov-2024 14:59:46 +0000]: <83b38550> [7310] S: A0003 OK Lsub completed (0.001 + 0.000 secs).
[25-Nov-2024 14:59:46 +0000]: <83b38550> [7310] C: A0004 LOGOUT
[25-Nov-2024 14:59:46 +0000]: <83b38550> [7310] S: * BYE Logging out
[25-Nov-2024 14:59:46 +0000]: <83b38550> [7310] S: A0004 OK Logout completed (0.001 + 0.000 secs).
[25-Nov-2024 14:59:46 +0000]: <83b38550> [FA8E] Connecting to dovecot:143...
[25-Nov-2024 14:59:46 +0000]: <83b38550> [FA8E] S: * OK [CAPABILITY IMAP4rev1 SASL-IR LOGIN-REFERRALS ID ENABLE IDLE LITERAL+ AUTH=PLAIN AUTH=LOGIN] Dovecot (Ubuntu) ready.
[25-Nov-2024 14:59:46 +0000]: <83b38550> [FA8E] C: A0001 AUTHENTICATE PLAIN ****** [17]
[25-Nov-2024 14:59:46 +0000]: <83b38550> [FA8E] S: A0001 OK [CAPABILITY IMAP4rev1 SASL-IR LOGIN-REFERRALS ID ENABLE IDLE SORT SORT=DISPLAY THREAD=REFERENCES THREAD=REFS THREAD=ORDEREDSUBJECT MULTIAPPEND URL-PARTIAL CATENATE UNSELECT CHILDREN NAMESPACE UIDPLUS LIST-EXTENDED I18NLEVEL=1 CONDSTORE QRESYNC ESEARCH ESORT SEARCHRES WITHIN CONTEXT=SEARCH LIST-STATUS BINARY MOVE SNIPPET=FUZZY PREVIEW=FUZZY PREVIEW STATUS=SIZE SAVEDATE LITERAL+ NOTIFY] Logged in
[25-Nov-2024 14:59:46 +0000]: <83b38550> [FA8E] C: A0002 ID ("name" "Roundcube" "version" "1.6.4" "php" "8.1.31" "os" "Linux" "command" "/?_task=mail&_action=compose&_id=1677391926674490e27bf2a")
[25-Nov-2024 14:59:46 +0000]: <83b38550> [FA8E] S: * ID ("name" "Dovecot")
[25-Nov-2024 14:59:46 +0000]: <83b38550> [FA8E] S: A0002 OK ID completed (0.001 + 0.000 secs).
[25-Nov-2024 14:59:46 +0000]: <83b38550> [FA8E] C: A0003 LIST (SUBSCRIBED) "" "*"
[25-Nov-2024 14:59:46 +0000]: <83b38550> [FA8E] S: * LIST (\Subscribed) "." Sent
[25-Nov-2024 14:59:46 +0000]: <83b38550> [FA8E] S: A0003 OK List completed (0.001 + 0.000 secs).
[25-Nov-2024 14:59:46 +0000]: <83b38550> [FA8E] C: A0004 LOGOUT
[25-Nov-2024 14:59:46 +0000]: <83b38550> [FA8E] S: * BYE Logging out
[25-Nov-2024 14:59:46 +0000]: <83b38550> [FA8E] S: A0004 OK Logout completed (0.001 + 0.000 secs).
[25-Nov-2024 15:00:44 +0000]: <83b38550> [26A7] Connecting to dovecot:143...
[25-Nov-2024 15:00:44 +0000]: <83b38550> [26A7] S: * OK [CAPABILITY IMAP4rev1 SASL-IR LOGIN-REFERRALS ID ENABLE IDLE LITERAL+ AUTH=PLAIN AUTH=LOGIN] Dovecot (Ubuntu) ready.
[25-Nov-2024 15:00:44 +0000]: <83b38550> [26A7] C: A0001 AUTHENTICATE PLAIN ****** [17]
[25-Nov-2024 15:00:44 +0000]: <83b38550> [26A7] S: A0001 OK [CAPABILITY IMAP4rev1 SASL-IR LOGIN-REFERRALS ID ENABLE IDLE SORT SORT=DISPLAY THREAD=REFERENCES THREAD=REFS THREAD=ORDEREDSUBJECT MULTIAPPEND URL-PARTIAL CATENATE UNSELECT CHILDREN NAMESPACE UIDPLUS LIST-EXTENDED I18NLEVEL=1 CONDSTORE QRESYNC ESEARCH ESORT SEARCHRES WITHIN CONTEXT=SEARCH LIST-STATUS BINARY MOVE SNIPPET=FUZZY PREVIEW=FUZZY PREVIEW STATUS=SIZE SAVEDATE LITERAL+ NOTIFY] Logged in
[25-Nov-2024 15:00:44 +0000]: <83b38550> [26A7] C: A0002 ID ("name" "Roundcube" "version" "1.6.4" "php" "8.1.31" "os" "Linux" "command" "/?_task=mail&_action=compose")
[25-Nov-2024 15:00:44 +0000]: <83b38550> [26A7] S: * ID ("name" "Dovecot")
[25-Nov-2024 15:00:44 +0000]: <83b38550> [26A7] S: A0002 OK ID completed (0.001 + 0.000 secs).
[25-Nov-2024 15:00:44 +0000]: <83b38550> [26A7] C: A0003 LSUB "" Sent
[25-Nov-2024 15:00:44 +0000]: <83b38550> [26A7] S: * LSUB () "." Sent
[25-Nov-2024 15:00:44 +0000]: <83b38550> [26A7] S: A0003 OK Lsub completed (0.001 + 0.000 secs).
[25-Nov-2024 15:00:44 +0000]: <83b38550> [26A7] C: A0004 LOGOUT
[25-Nov-2024 15:00:44 +0000]: <83b38550> [26A7] S: * BYE Logging out
[25-Nov-2024 15:00:44 +0000]: <83b38550> [26A7] S: A0004 OK Logout completed (0.001 + 0.000 secs).
[25-Nov-2024 15:00:44 +0000]: <83b38550> [3D4E] Connecting to dovecot:143...
[25-Nov-2024 15:00:44 +0000]: <83b38550> [3D4E] S: * OK [CAPABILITY IMAP4rev1 SASL-IR LOGIN-REFERRALS ID ENABLE IDLE LITERAL+ AUTH=PLAIN AUTH=LOGIN] Dovecot (Ubuntu) ready.
[25-Nov-2024 15:00:44 +0000]: <83b38550> [3D4E] C: A0001 AUTHENTICATE PLAIN ****** [17]
[25-Nov-2024 15:00:44 +0000]: <83b38550> [3D4E] S: A0001 OK [CAPABILITY IMAP4rev1 SASL-IR LOGIN-REFERRALS ID ENABLE IDLE SORT SORT=DISPLAY THREAD=REFERENCES THREAD=REFS THREAD=ORDEREDSUBJECT MULTIAPPEND URL-PARTIAL CATENATE UNSELECT CHILDREN NAMESPACE UIDPLUS LIST-EXTENDED I18NLEVEL=1 CONDSTORE QRESYNC ESEARCH ESORT SEARCHRES WITHIN CONTEXT=SEARCH LIST-STATUS BINARY MOVE SNIPPET=FUZZY PREVIEW=FUZZY PREVIEW STATUS=SIZE SAVEDATE LITERAL+ NOTIFY] Logged in
[25-Nov-2024 15:00:44 +0000]: <83b38550> [3D4E] C: A0002 ID ("name" "Roundcube" "version" "1.6.4" "php" "8.1.31" "os" "Linux" "command" "/?_task=mail&_action=compose&_id=12198054256744911c17b54")
[25-Nov-2024 15:00:44 +0000]: <83b38550> [3D4E] S: * ID ("name" "Dovecot")
[25-Nov-2024 15:00:44 +0000]: <83b38550> [3D4E] S: A0002 OK ID completed (0.001 + 0.000 secs).
[25-Nov-2024 15:00:44 +0000]: <83b38550> [3D4E] C: A0003 LIST (SUBSCRIBED) "" "*"
[25-Nov-2024 15:00:44 +0000]: <83b38550> [3D4E] S: * LIST (\Subscribed) "." Sent
[25-Nov-2024 15:00:44 +0000]: <83b38550> [3D4E] S: A0003 OK List completed (0.001 + 0.000 secs).
[25-Nov-2024 15:00:44 +0000]: <83b38550> [3D4E] C: A0004 LOGOUT
[25-Nov-2024 15:00:44 +0000]: <83b38550> [3D4E] S: * BYE Logging out
[25-Nov-2024 15:00:44 +0000]: <83b38550> [3D4E] S: A0004 OK Logout completed (0.001 + 0.000 secs).
